<?xml version="1.0" encoding="UTF-8"?>
<!-- Generated by org.testng.reporters.JUnitReportReporter -->
<testsuite hostname="DESKTOP-Q6TC0UT" failures="0" tests="1" name="testscript.ManagePageTest" time="5.893" errors="0" timestamp="2024-06-03T15:17:29 IST" skipped="0">
  <testcase classname="testscript.ManagePageTest" name="listPageDeletebButtonClick" time="5.893"/>
</testsuite> <!-- testscript.ManagePageTest -->
