<?xml version="1.0" encoding="UTF-8"?>
<!-- Generated by org.testng.reporters.JUnitReportReporter -->
<testsuite hostname="DESKTOP-Q6TC0UT" failures="0" tests="1" name="testscript.AdminUserTest" time="4.678" errors="0" timestamp="2024-05-17T10:26:12 IST" skipped="0">
  <testcase classname="testscript.AdminUserTest" name="AddNewAdminUser" time="4.678"/>
</testsuite> <!-- testscript.AdminUserTest -->
