<?xml version="1.0" encoding="UTF-8"?>
<!-- Generated by org.testng.reporters.JUnitReportReporter -->
<testsuite hostname="DESKTOP-Q6TC0UT" failures="0" tests="1" name="testscript.LoginTest" time="8.764" errors="0" timestamp="2024-06-03T15:15:19 IST" skipped="0">
  <testcase classname="testscript.LoginTest" name="verifyUserIsAbleToLoginWithInvalidUserNameValidPassword" time="8.764"/>
</testsuite> <!-- testscript.LoginTest -->
