<?xml version="1.0" encoding="UTF-8"?>
<!-- Generated by org.testng.reporters.JUnitReportReporter -->
<testsuite hostname="DESKTOP-Q6TC0UT" failures="0" tests="1" name="testscript.ManageContentTest" time="6.439" errors="0" timestamp="2024-05-18T17:35:48 IST" skipped="0">
  <testcase classname="testscript.ManageContentTest" name="editingManageContactUs" time="6.439"/>
</testsuite> <!-- testscript.ManageContentTest -->
