<?xml version="1.0" encoding="UTF-8"?>
<!-- Generated by org.testng.reporters.JUnitReportReporter -->
<testsuite hostname="DESKTOP-Q6TC0UT" failures="0" tests="1" name="testscript.ManageOfferCodeTest" time="7.416" errors="0" timestamp="2024-05-21T13:46:36 IST" skipped="0">
  <testcase classname="testscript.ManageOfferCodeTest" name="addOfferCode" time="7.416"/>
</testsuite> <!-- testscript.ManageOfferCodeTest -->
