<?xml version="1.0" encoding="UTF-8"?>
<!-- Generated by org.testng.reporters.JUnitReportReporter -->
<testsuite hostname="DESKTOP-Q6TC0UT" failures="0" tests="1" name="testscript.ManagePageTest" time="5.306" errors="0" timestamp="2024-05-28T23:13:23 IST" skipped="0">
  <testcase classname="testscript.ManagePageTest" name="listPageDeletebButtonClick" time="5.306"/>
</testsuite> <!-- testscript.ManagePageTest -->
