<?xml version="1.0" encoding="UTF-8"?>
<!-- Generated by org.testng.reporters.JUnitReportReporter -->
<testsuite hostname="DESKTOP-Q6TC0UT" failures="0" tests="1" name="testscript.Login" time="3.706" errors="0" timestamp="2024-05-03T15:10:25 IST" skipped="0">
  <testcase classname="testscript.Login" name="loginpg" time="3.706"/>
</testsuite> <!-- testscript.Login -->
