<?xml version="1.0" encoding="UTF-8"?>
<!-- Generated by org.testng.reporters.JUnitReportReporter -->
<testsuite hostname="DESKTOP-Q6TC0UT" failures="0" tests="1" name="testscript.ManageCategoryTest" time="7.487" errors="0" timestamp="2024-05-21T16:56:36 IST" skipped="0">
  <testcase classname="testscript.ManageCategoryTest" name="addNewCategory" time="7.487"/>
</testsuite> <!-- testscript.ManageCategoryTest -->
