<?xml version="1.0" encoding="UTF-8"?>
<!-- Generated by org.testng.reporters.JUnitReportReporter -->
<testsuite hostname="DESKTOP-Q6TC0UT" failures="0" tests="1" name="testscript.ManageLocationTest" time="4.355" errors="0" timestamp="2024-05-17T10:49:51 IST" skipped="0">
  <testcase classname="testscript.ManageLocationTest" name="addNewLocation" time="4.355"/>
</testsuite> <!-- testscript.ManageLocationTest -->
