<?xml version="1.0" encoding="UTF-8"?>
<!-- Generated by org.testng.reporters.JUnitReportReporter -->
<testsuite hostname="DESKTOP-Q6TC0UT" failures="0" tests="1" name="testscript.ManageDeliveryBoyTest" time="4.999" errors="0" timestamp="2024-05-17T10:16:36 IST" skipped="0">
  <testcase classname="testscript.ManageDeliveryBoyTest" name="verifingDeliveryBoyDetailsFoundinListDeliveryBoyPage" time="4.999"/>
</testsuite> <!-- testscript.ManageDeliveryBoyTest -->
